2025-08-03 23:01:19,435 - INFO     - [main_workflow_naukri.py:444] - =================================================
2025-08-03 23:01:19,436 - INFO     - [main_workflow_naukri.py:445] - Logging initialized for Naukri. Log file: C:\AI Use and Deveopment\Naukri Job hunting v1\logs_naukri\log_naukri_20250803_230119_Data_Analyst_Pune.log
2025-08-03 23:01:19,437 - INFO     - [main_workflow_naukri.py:446] - Starting Job Automation Workflow (Naukri.com)
2025-08-03 23:01:19,437 - INFO     - [main_workflow_naukri.py:447] - Base Directory: C:\AI Use and Deveopment\Naukri Job hunting v1
2025-08-03 23:01:19,438 - INFO     - [main_workflow_naukri.py:448] - Using Excel File: C:\AI Use and Deveopment\Naukri Job hunting v1\naukri_jobs_master_list.xlsx
2025-08-03 23:01:19,439 - INFO     - [main_workflow_naukri.py:449] - Search Keywords: 'Data Analyst'
2025-08-03 23:01:19,439 - INFO     - [main_workflow_naukri.py:450] - Base Location: 'Pune'
2025-08-03 23:01:19,440 - INFO     - [main_workflow_naukri.py:451] - Workflow Phases: 1 to 2
2025-08-03 23:01:19,441 - INFO     - [main_workflow_naukri.py:452] - =================================================
2025-08-03 23:01:19,441 - INFO     - [main_workflow_naukri.py:460] - Checking accessibility of Excel file: C:\AI Use and Deveopment\Naukri Job hunting v1\naukri_jobs_master_list.xlsx
2025-08-03 23:01:19,442 - INFO     - [main_workflow_naukri.py:475] - Excel file 'naukri_jobs_master_list.xlsx' is accessible.
2025-08-03 23:01:19,443 - INFO     - [main_workflow_naukri.py:492] - ########## Starting Naukri Workflow ##########
2025-08-03 23:01:19,443 - INFO     - [main_workflow_naukri.py:496] - Naukri workflow configured to run from Phase 1 to Phase 2.
2025-08-03 23:01:19,444 - INFO     - [main_workflow_naukri.py:508] - --- Phase 1: Scrape Job List (Naukri) ---
2025-08-03 23:01:19,444 - INFO     - [phase1_list_scraper_naukri.py:551] - Initiating Phase 1: Naukri Job List Scraping
2025-08-03 23:01:19,445 - INFO     - [phase1_list_scraper_naukri.py:69] - Attempting to connect to existing Chrome on port 9222 using ChromeDriver: C:\AI Use and Deveopment\chromedriver-win64\chromedriver.exe
2025-08-03 23:01:20,446 - INFO     - [phase1_list_scraper_naukri.py:82] - Successfully connected to Chrome debugger.
2025-08-03 23:01:21,017 - INFO     - [phase1_list_scraper_naukri.py:86] - Initial page in connected browser: https://www.naukri.com/myapply/saveApply?strJobsarr=[020825008611]&applytype=single&resId=250174146&ApplyMode=1&id=239869981&src=c&logstr=----F-0-1--------F-0-1---&applySrc=----F-0-1---&multiApplyResp=%7B%22020825008611%22%3A200%7D&jobTitle=Power%20Bi%20Analyst%20%28Jr.%20%26%20Sr.%29%20Pune
2025-08-03 23:01:21,018 - INFO     - [phase1_list_scraper_naukri.py:160] -   Building URL with Keywords: 'Data Analyst' and Location: 'Pune'
2025-08-03 23:01:21,018 - INFO     - [phase1_list_scraper_naukri.py:201] -   Applying Filter 'Job Freshness: Posting Date, Job Age (e.g., Past 7 days)': Past 3 days (jobAge=3)
2025-08-03 23:01:21,019 - INFO     - [phase1_list_scraper_naukri.py:201] -   Applying Filter 'Experience Level: Years of Work Experience': 2 (experience=2)
2025-08-03 23:01:21,020 - INFO     - [phase1_list_scraper_naukri.py:211] - Constructed Naukri Search URL (Page 1): https://www.naukri.com/data-analyst-jobs-in-pune?jobAge=3&experience=2
2025-08-03 23:01:21,020 - INFO     - [phase1_list_scraper_naukri.py:361] - Navigating to initial search URL (Page 1): https://www.naukri.com/data-analyst-jobs-in-pune?jobAge=3&experience=2
2025-08-03 23:01:29,379 - INFO     - [phase1_list_scraper_naukri.py:372] - --- Processing Page 1 ---
2025-08-03 23:01:34,379 - INFO     - [phase1_list_scraper_naukri.py:395] - Found 20 job card elements on page 1.
2025-08-03 23:01:48,247 - INFO     - [phase1_list_scraper_naukri.py:430] - Extracted 20 new unique jobs from page 1.
2025-08-03 23:01:48,248 - INFO     - [phase1_list_scraper_naukri.py:438] - Minimum unique jobs target (10) met. Stopping pagination.
2025-08-03 23:01:48,248 - INFO     - [phase1_list_scraper_naukri.py:453] - Finished scraping Naukri. Found 20 new unique jobs in this session.
2025-08-03 23:01:48,249 - INFO     - [phase1_list_scraper_naukri.py:464] - Processing 20 scraped Naukri jobs for Excel: C:\AI Use and Deveopment\Naukri Job hunting v1\naukri_jobs_master_list.xlsx
2025-08-03 23:01:48,849 - INFO     - [phase1_list_scraper_naukri.py:515] - Deduplication: 20 new unique Naukri jobs to add, 0 duplicates skipped.
2025-08-03 23:01:48,866 - INFO     - [phase1_list_scraper_naukri.py:527] - Saving Naukri DataFrame (105 rows) to Excel...
2025-08-03 23:01:49,288 - INFO     - [phase1_list_scraper_naukri.py:535] - Successfully saved Naukri Excel file: C:\AI Use and Deveopment\Naukri Job hunting v1\naukri_jobs_master_list.xlsx
2025-08-03 23:01:49,289 - INFO     - [phase1_list_scraper_naukri.py:589] - Phase 1 (Naukri) Summary: Added 20 unique jobs to Excel. Skipped 0 duplicates.
2025-08-03 23:01:49,290 - INFO     - [phase1_list_scraper_naukri.py:590] - Phase 1 (Naukri) completed.
2025-08-03 23:01:49,290 - INFO     - [main_workflow_naukri.py:513] - --- Phase 1 (Naukri) Completed (Added: 20, Skipped Duplicates: 0) ---
2025-08-03 23:01:49,291 - INFO     - [main_workflow_naukri.py:516] - Phase 1 (Naukri) duration: 29.85s.
2025-08-03 23:01:49,292 - INFO     - [main_workflow_naukri.py:522] - --- Phase 2: Scrape Job Details (Naukri) ---
2025-08-03 23:01:49,292 - INFO     - [phase2_detail_scraper_naukri.py:324] - Initiating Phase 2: Naukri Job Detail Scraping
2025-08-03 23:01:49,293 - INFO     - [phase1_list_scraper_naukri.py:69] - Attempting to connect to existing Chrome on port 9222 using ChromeDriver: C:\AI Use and Deveopment\chromedriver-win64\chromedriver.exe
2025-08-03 23:01:50,183 - INFO     - [phase1_list_scraper_naukri.py:82] - Successfully connected to Chrome debugger.
2025-08-03 23:01:50,701 - INFO     - [phase1_list_scraper_naukri.py:86] - Initial page in connected browser: https://www.naukri.com/data-analyst-jobs-in-pune?jobAge=3&experience=2
2025-08-03 23:01:50,702 - INFO     - [phase2_detail_scraper_naukri.py:251] - Starting detailed scraping. Overwrite Phase 1 data: False
2025-08-03 23:01:50,913 - INFO     - [phase2_detail_scraper_naukri.py:267] - Found 20 rows to process with status in ['New', 'Error - Scrape Job Details'].
2025-08-03 23:01:50,914 - INFO     - [phase2_detail_scraper_naukri.py:278] - --- Processing Row 87/106 | Job: 'Data Analyst - B' ---
2025-08-03 23:01:55,921 - INFO     - [phase2_detail_scraper_naukri.py:289] -   Successfully processed. Status -> Ready for AI
2025-08-03 23:01:55,922 - INFO     - [phase2_detail_scraper_naukri.py:278] - --- Processing Row 88/106 | Job: 'Exciting Data Analysts' ---
2025-08-03 23:01:59,217 - INFO     - [phase2_detail_scraper_naukri.py:289] -   Successfully processed. Status -> Ready for AI
2025-08-03 23:01:59,218 - INFO     - [phase2_detail_scraper_naukri.py:278] - --- Processing Row 89/106 | Job: 'Data Analyst' ---
2025-08-03 23:02:03,159 - INFO     - [phase2_detail_scraper_naukri.py:289] -   Successfully processed. Status -> Ready for AI
2025-08-03 23:02:03,160 - INFO     - [phase2_detail_scraper_naukri.py:278] - --- Processing Row 90/106 | Job: 'Associate data analyst' ---
2025-08-03 23:02:07,253 - INFO     - [phase2_detail_scraper_naukri.py:289] -   Successfully processed. Status -> Ready for AI
2025-08-03 23:02:07,254 - INFO     - [phase2_detail_scraper_naukri.py:278] - --- Processing Row 91/106 | Job: 'Web Data Collection Analyst' ---
2025-08-03 23:02:11,175 - INFO     - [phase2_detail_scraper_naukri.py:289] -   Successfully processed. Status -> Ready for AI
2025-08-03 23:02:11,175 - INFO     - [phase2_detail_scraper_naukri.py:297] - Saving progress to Excel after 5 rows...
2025-08-03 23:02:11,477 - INFO     - [phase2_detail_scraper_naukri.py:278] - --- Processing Row 92/106 | Job: 'Web Data Collection Analyst - Contract' ---
2025-08-03 23:02:15,836 - INFO     - [phase2_detail_scraper_naukri.py:289] -   Successfully processed. Status -> Ready for AI
2025-08-03 23:02:15,837 - INFO     - [phase2_detail_scraper_naukri.py:278] - --- Processing Row 93/106 | Job: 'Reporting Developer - Watlow' ---
2025-08-03 23:02:20,479 - INFO     - [phase2_detail_scraper_naukri.py:289] -   Successfully processed. Status -> Ready for AI
2025-08-03 23:02:20,480 - INFO     - [phase2_detail_scraper_naukri.py:278] - --- Processing Row 94/106 | Job: 'Sr Reporting Developer - Watlow' ---
2025-08-03 23:02:25,783 - INFO     - [phase2_detail_scraper_naukri.py:289] -   Successfully processed. Status -> Ready for AI
2025-08-03 23:02:25,784 - INFO     - [phase2_detail_scraper_naukri.py:278] - --- Processing Row 95/106 | Job: 'Data Quality Profiling Developer (Oracle APEX)' ---
2025-08-03 23:02:30,112 - INFO     - [phase2_detail_scraper_naukri.py:289] -   Successfully processed. Status -> Ready for AI
2025-08-03 23:02:30,112 - INFO     - [phase2_detail_scraper_naukri.py:278] - --- Processing Row 96/106 | Job: 'Senior Test Engineer - Investment Data Platform' ---
2025-08-03 23:02:33,437 - INFO     - [phase2_detail_scraper_naukri.py:289] -   Successfully processed. Status -> Ready for AI
2025-08-03 23:02:33,438 - INFO     - [phase2_detail_scraper_naukri.py:297] - Saving progress to Excel after 10 rows...
2025-08-03 23:02:33,739 - INFO     - [phase2_detail_scraper_naukri.py:278] - --- Processing Row 97/106 | Job: 'Project Leader - Product Certification(BD & Execution)' ---
2025-08-03 23:02:37,224 - INFO     - [phase2_detail_scraper_naukri.py:289] -   Successfully processed. Status -> Ready for AI
2025-08-03 23:02:37,225 - INFO     - [phase2_detail_scraper_naukri.py:278] - --- Processing Row 98/106 | Job: 'Business Analyst' ---
2025-08-03 23:02:40,993 - INFO     - [phase2_detail_scraper_naukri.py:289] -   Successfully processed. Status -> Ready for AI
2025-08-03 23:02:40,994 - INFO     - [phase2_detail_scraper_naukri.py:278] - --- Processing Row 99/106 | Job: 'Senior Tax Analyst' ---
2025-08-03 23:02:44,725 - INFO     - [phase2_detail_scraper_naukri.py:289] -   Successfully processed. Status -> Ready for AI
2025-08-03 23:02:44,726 - INFO     - [phase2_detail_scraper_naukri.py:278] - --- Processing Row 100/106 | Job: 'Research Scientist, Polymer Formulations' ---
2025-08-03 23:02:48,717 - INFO     - [phase2_detail_scraper_naukri.py:289] -   Successfully processed. Status -> Ready for AI
2025-08-03 23:02:48,718 - INFO     - [phase2_detail_scraper_naukri.py:278] - --- Processing Row 101/106 | Job: 'SQL Developer' ---
2025-08-03 23:02:52,532 - INFO     - [phase2_detail_scraper_naukri.py:289] -   Successfully processed. Status -> Ready for AI
2025-08-03 23:02:52,533 - INFO     - [phase2_detail_scraper_naukri.py:297] - Saving progress to Excel after 15 rows...
2025-08-03 23:02:52,830 - INFO     - [phase2_detail_scraper_naukri.py:278] - --- Processing Row 102/106 | Job: 'Anaplan Demand Analyst' ---
2025-08-03 23:02:56,157 - INFO     - [phase2_detail_scraper_naukri.py:289] -   Successfully processed. Status -> Ready for AI
2025-08-03 23:02:56,158 - INFO     - [phase2_detail_scraper_naukri.py:278] - --- Processing Row 103/106 | Job: 'Associate Manager' ---
2025-08-03 23:03:01,158 - INFO     - [phase2_detail_scraper_naukri.py:289] -   Successfully processed. Status -> Ready for AI
2025-08-03 23:03:01,159 - INFO     - [phase2_detail_scraper_naukri.py:278] - --- Processing Row 104/106 | Job: 'Financial Markets Level 1 Service Desk Support Analyst' ---
2025-08-03 23:03:04,845 - INFO     - [phase2_detail_scraper_naukri.py:289] -   Successfully processed. Status -> Ready for AI
2025-08-03 23:03:04,846 - INFO     - [phase2_detail_scraper_naukri.py:278] - --- Processing Row 105/106 | Job: 'Data Engineer' ---
2025-08-03 23:03:09,811 - INFO     - [phase2_detail_scraper_naukri.py:289] -   Successfully processed. Status -> Ready for AI
2025-08-03 23:03:09,812 - INFO     - [phase2_detail_scraper_naukri.py:278] - --- Processing Row 106/106 | Job: 'IICS Developer' ---
2025-08-03 23:03:14,008 - INFO     - [phase2_detail_scraper_naukri.py:289] -   Successfully processed. Status -> Ready for AI
2025-08-03 23:03:14,009 - INFO     - [phase2_detail_scraper_naukri.py:297] - Saving progress to Excel after 20 rows...
2025-08-03 23:03:14,328 - INFO     - [phase2_detail_scraper_naukri.py:305] - Finished processing all designated rows. Performing final save...
2025-08-03 23:03:14,624 - INFO     - [phase2_detail_scraper_naukri.py:341] - Phase 2 run finished.
2025-08-03 23:03:14,624 - INFO     - [main_workflow_naukri.py:526] - --- Phase 2 (Naukri) Completed ---
2025-08-03 23:03:14,625 - INFO     - [main_workflow_naukri.py:529] - Phase 2 (Naukri) duration: 85.33s.
2025-08-03 23:03:14,625 - INFO     - [main_workflow_naukri.py:584] - #################################################
2025-08-03 23:03:14,626 - INFO     - [main_workflow_naukri.py:585] - Naukri Workflow Completed (Phases 1-2).
2025-08-03 23:03:14,627 - INFO     - [main_workflow_naukri.py:587] - Review log file for detailed information.
2025-08-03 23:03:14,627 - INFO     - [main_workflow_naukri.py:588] - #################################################
2025-08-03 23:03:14,628 - INFO     - [main_workflow_naukri.py:618] - Total Naukri Workflow Runtime: 115.20 seconds.
2025-08-03 23:03:14,628 - INFO     - [main_workflow_naukri.py:619] - Phase Durations (seconds): {'Phase 1': 29.8471941947937, 'Phase 2': 85.33299565315247}
2025-08-03 23:03:14,629 - INFO     - [main_workflow_naukri.py:620] - Naukri script execution finished.
