2025-06-13 13:58:53,257 - INFO     - [main_workflow_naukri.py:433] - =================================================
2025-06-13 13:58:53,257 - INFO     - [main_workflow_naukri.py:434] - Logging initialized for Naukri. Log file: C:\AI Use and Deveopment\Naukri Job hunting\logs_naukri\log_naukri_20250613_135853_SQL_Support_Pune.log
2025-06-13 13:58:53,257 - INFO     - [main_workflow_naukri.py:435] - Starting Job Automation Workflow (Naukri.com)
2025-06-13 13:58:53,258 - INFO     - [main_workflow_naukri.py:436] - Base Directory: C:\AI Use and Deveopment\Naukri Job hunting
2025-06-13 13:58:53,273 - INFO     - [main_workflow_naukri.py:437] - Using Excel File: C:\AI Use and Deveopment\Naukri Job hunting\naukri_jobs_master_list.xlsx
2025-06-13 13:58:53,273 - INFO     - [main_workflow_naukri.py:438] - Search Keywords: 'SQL Support, SQL Developer'
2025-06-13 13:58:53,273 - INFO     - [main_workflow_naukri.py:439] - Base Location: 'Pune'
2025-06-13 13:58:53,274 - INFO     - [main_workflow_naukri.py:440] - Workflow Phases: 2 to 2
2025-06-13 13:58:53,274 - INFO     - [main_workflow_naukri.py:441] - =================================================
2025-06-13 13:58:53,274 - INFO     - [main_workflow_naukri.py:449] - Checking accessibility of Excel file: C:\AI Use and Deveopment\Naukri Job hunting\naukri_jobs_master_list.xlsx
2025-06-13 13:58:53,274 - INFO     - [main_workflow_naukri.py:464] - Excel file 'naukri_jobs_master_list.xlsx' is accessible.
2025-06-13 13:58:53,275 - INFO     - [main_workflow_naukri.py:481] - ########## Starting Naukri Workflow ##########
2025-06-13 13:58:53,275 - INFO     - [main_workflow_naukri.py:485] - Naukri workflow configured to run from Phase 2 to Phase 2.
2025-06-13 13:58:53,275 - INFO     - [main_workflow_naukri.py:506] - --- Skipping Phase 1 (Naukri) (Config) ---
2025-06-13 13:58:53,275 - INFO     - [main_workflow_naukri.py:511] - --- Phase 2: Scrape Job Details (Naukri) ---
2025-06-13 13:58:53,275 - INFO     - [phase2_detail_scraper_naukri.py:257] - Initiating Phase 2: Naukri Job Detail Scraping
2025-06-13 13:58:53,276 - INFO     - [phase1_list_scraper_naukri.py:59] - Attempting to connect to existing Chrome on port 9222 using ChromeDriver: C:\AI Use and Deveopment\chromedriver-win64\chromedriver.exe
2025-06-13 13:58:54,183 - INFO     - [phase1_list_scraper_naukri.py:72] - Successfully connected to Chrome debugger.
2025-06-13 13:58:54,694 - INFO     - [phase1_list_scraper_naukri.py:76] - Initial page in connected browser: https://www.naukri.com/job-listings-nosql-database-engineer-iii-mongodb-rackspace-technology-kolkata-mumbai-new-delhi-hyderabad-pune-chennai-bengaluru-5-to-8-years-050625501451
2025-06-13 13:58:54,694 - INFO     - [phase2_detail_scraper_naukri.py:194] - Starting detailed scraping. Overwrite Phase 1 data: False
2025-06-13 13:58:54,854 - INFO     - [phase2_detail_scraper_naukri.py:210] - Found 80 rows to process with status in ['New', 'Error - Scrape Job Details'].
2025-06-13 13:58:54,854 - INFO     - [phase2_detail_scraper_naukri.py:221] - --- Processing Row 2/81 | Job: 'Urgent Hiring For Business Analyst Python SQL Developer' ---
2025-06-13 13:58:58,404 - ERROR    - [phase2_detail_scraper_naukri.py:177] - Major scraping error on page https://www.naukri.com/job-listings-urgent-hiring-for-business-analyst-python-sql-developer-coriolis-tech-pune-0-to-1-years-050625016292: InvalidSelectorException
2025-06-13 13:58:58,406 - ERROR    - [phase2_detail_scraper_naukri.py:236] -   Scraping failed. Issues: Selector_NotFound: details_job_title, Selector_NotFound: details_company_name, Selector_NotFound: details_experience_required, Selector_NotFound: details_salary, Selector_NotFound: details_locations, CRITICAL_InvalidSelectorException
2025-06-13 13:58:58,407 - INFO     - [phase2_detail_scraper_naukri.py:221] - --- Processing Row 3/81 | Job: 'Developer - SQL' ---
2025-06-13 13:59:01,714 - ERROR    - [phase2_detail_scraper_naukri.py:177] - Major scraping error on page https://www.naukri.com/job-listings-developer-sql-farshore-software-development-p-ltd-kolkata-mumbai-new-delhi-hyderabad-pune-chennai-bengaluru-0-to-2-years-180225501243: InvalidSelectorException
2025-06-13 13:59:01,715 - ERROR    - [phase2_detail_scraper_naukri.py:236] -   Scraping failed. Issues: Selector_NotFound: details_job_title, Selector_NotFound: details_company_name, Selector_NotFound: details_experience_required, Selector_NotFound: details_salary, Selector_NotFound: details_locations, Selector_NotFound: details_apply_button, CRITICAL_InvalidSelectorException
2025-06-13 13:59:01,715 - INFO     - [phase2_detail_scraper_naukri.py:221] - --- Processing Row 4/81 | Job: 'Futter Developer' ---
2025-06-13 13:59:04,366 - ERROR    - [phase2_detail_scraper_naukri.py:177] - Major scraping error on page https://www.naukri.com/job-listings-futter-developer-valorous-technologies-pune-1-to-4-years-101224501320: InvalidSelectorException
2025-06-13 13:59:04,367 - ERROR    - [phase2_detail_scraper_naukri.py:236] -   Scraping failed. Issues: Selector_NotFound: details_job_title, Selector_NotFound: details_company_name, Selector_NotFound: details_experience_required, Selector_NotFound: details_salary, Selector_NotFound: details_locations, Selector_NotFound: details_apply_button, CRITICAL_InvalidSelectorException
2025-06-13 13:59:04,367 - INFO     - [phase2_detail_scraper_naukri.py:221] - --- Processing Row 5/81 | Job: 'Reconciliation Developer' ---
2025-06-13 13:59:07,543 - ERROR    - [phase2_detail_scraper_naukri.py:177] - Major scraping error on page https://www.naukri.com/job-listings-reconciliation-developer-atyeti-pune-chennai-1-to-6-years-230425004187: InvalidSelectorException
2025-06-13 13:59:07,544 - ERROR    - [phase2_detail_scraper_naukri.py:236] -   Scraping failed. Issues: Selector_NotFound: details_job_title, Selector_NotFound: details_company_name, Selector_NotFound: details_experience_required, Selector_NotFound: details_salary, Selector_NotFound: details_locations, CRITICAL_InvalidSelectorException
2025-06-13 13:59:07,544 - INFO     - [phase2_detail_scraper_naukri.py:221] - --- Processing Row 6/81 | Job: 'Saviynt Developers' ---
2025-06-13 13:59:10,363 - ERROR    - [phase2_detail_scraper_naukri.py:177] - Major scraping error on page https://www.naukri.com/job-listings-saviynt-developers-krazy-mantra-group-of-companies-kolkata-mumbai-new-delhi-hyderabad-pune-chennai-bengaluru-1-to-4-years-220125500622: InvalidSelectorException
2025-06-13 13:59:10,364 - ERROR    - [phase2_detail_scraper_naukri.py:236] -   Scraping failed. Issues: Selector_NotFound: details_job_title, Selector_NotFound: details_company_name, Selector_NotFound: details_experience_required, Selector_NotFound: details_salary, Selector_NotFound: details_locations, Selector_NotFound: details_apply_button, CRITICAL_InvalidSelectorException
2025-06-13 13:59:10,364 - INFO     - [phase2_detail_scraper_naukri.py:240] - Saving progress to Excel after 5 rows...
2025-06-13 13:59:10,447 - INFO     - [phase2_detail_scraper_naukri.py:221] - --- Processing Row 7/81 | Job: 'VB, SQL Developers' ---
2025-06-13 13:59:13,560 - ERROR    - [phase2_detail_scraper_naukri.py:177] - Major scraping error on page https://www.naukri.com/job-listings-vb-sql-developers-sibella-technologies-pvt-ltd-pune-2-to-4-years-190325509997: InvalidSelectorException
2025-06-13 13:59:13,561 - ERROR    - [phase2_detail_scraper_naukri.py:236] -   Scraping failed. Issues: Selector_NotFound: details_job_title, Selector_NotFound: details_company_name, Selector_NotFound: details_experience_required, Selector_NotFound: details_salary, Selector_NotFound: details_locations, Selector_NotFound: details_apply_button, CRITICAL_InvalidSelectorException
2025-06-13 13:59:13,562 - INFO     - [phase2_detail_scraper_naukri.py:221] - --- Processing Row 8/81 | Job: 'Zuora Revpro Developer' ---
2025-06-13 13:59:17,467 - ERROR    - [phase2_detail_scraper_naukri.py:177] - Major scraping error on page https://www.naukri.com/job-listings-zuora-revpro-developer-jade-global-software-pvt-ltd-pune-2-to-6-years-230525926068: InvalidSelectorException
2025-06-13 13:59:17,468 - ERROR    - [phase2_detail_scraper_naukri.py:236] -   Scraping failed. Issues: Selector_NotFound: details_job_title, Selector_NotFound: details_company_name, Selector_NotFound: details_experience_required, Selector_NotFound: details_salary, Selector_NotFound: details_locations, CRITICAL_InvalidSelectorException
2025-06-13 13:59:17,468 - INFO     - [phase2_detail_scraper_naukri.py:221] - --- Processing Row 9/81 | Job: 'SQL Developer / Data Engineer' ---
2025-06-13 13:59:20,121 - ERROR    - [phase2_detail_scraper_naukri.py:177] - Major scraping error on page https://www.naukri.com/job-listings-sql-developer-data-engineer-itfirst-consultants-kolkata-mumbai-new-delhi-hyderabad-pune-chennai-bengaluru-3-to-7-years-041024501752: InvalidSelectorException
2025-06-13 13:59:20,122 - ERROR    - [phase2_detail_scraper_naukri.py:236] -   Scraping failed. Issues: Selector_NotFound: details_job_title, Selector_NotFound: details_company_name, Selector_NotFound: details_experience_required, Selector_NotFound: details_salary, Selector_NotFound: details_locations, Selector_NotFound: details_apply_button, CRITICAL_InvalidSelectorException
2025-06-13 13:59:20,122 - INFO     - [phase2_detail_scraper_naukri.py:221] - --- Processing Row 10/81 | Job: 'RPS Xceptor Developer' ---
2025-06-13 13:59:23,177 - ERROR    - [phase2_detail_scraper_naukri.py:177] - Major scraping error on page https://www.naukri.com/job-listings-rps-xceptor-developer-wipro-limited-pune-3-to-8-years-030625924091: InvalidSelectorException
2025-06-13 13:59:23,178 - ERROR    - [phase2_detail_scraper_naukri.py:236] -   Scraping failed. Issues: Selector_NotFound: details_job_title, Selector_NotFound: details_company_name, Selector_NotFound: details_experience_required, Selector_NotFound: details_salary, Selector_NotFound: details_locations, CRITICAL_InvalidSelectorException
2025-06-13 13:59:23,178 - INFO     - [phase2_detail_scraper_naukri.py:221] - --- Processing Row 11/81 | Job: 'OIC Developer' ---
2025-06-13 13:59:26,532 - ERROR    - [phase2_detail_scraper_naukri.py:177] - Major scraping error on page https://www.naukri.com/job-listings-oic-developer-jade-global-software-pvt-ltd-kolkata-hyderabad-pune-2-to-6-years-140525917589: InvalidSelectorException
2025-06-13 13:59:26,533 - ERROR    - [phase2_detail_scraper_naukri.py:236] -   Scraping failed. Issues: Selector_NotFound: details_job_title, Selector_NotFound: details_company_name, Selector_NotFound: details_experience_required, Selector_NotFound: details_salary, Selector_NotFound: details_locations, CRITICAL_InvalidSelectorException
2025-06-13 13:59:26,533 - INFO     - [phase2_detail_scraper_naukri.py:240] - Saving progress to Excel after 10 rows...
2025-06-13 13:59:26,612 - INFO     - [phase2_detail_scraper_naukri.py:221] - --- Processing Row 12/81 | Job: 'Elixir Developer' ---
2025-06-13 13:59:30,105 - ERROR    - [phase2_detail_scraper_naukri.py:177] - Major scraping error on page https://www.naukri.com/job-listings-elixir-developer-maerskglobalservicescentres-india-pvtltd-pune-bengaluru-3-to-7-years-190525914133: InvalidSelectorException
2025-06-13 13:59:30,106 - ERROR    - [phase2_detail_scraper_naukri.py:236] -   Scraping failed. Issues: Selector_NotFound: details_job_title, Selector_NotFound: details_company_name, Selector_NotFound: details_experience_required, Selector_NotFound: details_salary, Selector_NotFound: details_locations, CRITICAL_InvalidSelectorException
2025-06-13 13:59:30,107 - INFO     - [phase2_detail_scraper_naukri.py:221] - --- Processing Row 13/81 | Job: 'CNSA Developer' ---
2025-06-13 13:59:34,062 - ERROR    - [phase2_detail_scraper_naukri.py:177] - Major scraping error on page https://www.naukri.com/job-listings-cnsa-developer-ibm-india-pvt-limited-pune-3-to-8-years-090625911329: InvalidSelectorException
2025-06-13 13:59:34,064 - ERROR    - [phase2_detail_scraper_naukri.py:236] -   Scraping failed. Issues: Selector_NotFound: details_job_title, Selector_NotFound: details_company_name, Selector_NotFound: details_experience_required, Selector_NotFound: details_salary, Selector_NotFound: details_locations, Selector_NotFound: details_apply_button, CRITICAL_InvalidSelectorException
2025-06-13 13:59:34,064 - INFO     - [phase2_detail_scraper_naukri.py:221] - --- Processing Row 14/81 | Job: 'NOSQL Database Engineer III- (MongoDB)' ---
2025-06-13 13:59:37,283 - ERROR    - [phase2_detail_scraper_naukri.py:177] - Major scraping error on page https://www.naukri.com/job-listings-nosql-database-engineer-iii-mongodb-rackspace-technology-kolkata-mumbai-new-delhi-hyderabad-pune-chennai-bengaluru-5-to-8-years-050625501451: InvalidSelectorException
2025-06-13 13:59:37,285 - ERROR    - [phase2_detail_scraper_naukri.py:236] -   Scraping failed. Issues: Selector_NotFound: details_job_title, Selector_NotFound: details_company_name, Selector_NotFound: details_experience_required, Selector_NotFound: details_salary, Selector_NotFound: details_locations, Selector_NotFound: details_apply_button, CRITICAL_InvalidSelectorException
2025-06-13 13:59:37,285 - INFO     - [phase2_detail_scraper_naukri.py:221] - --- Processing Row 15/81 | Job: 'OIC Developer' ---
2025-06-13 13:59:40,537 - ERROR    - [phase2_detail_scraper_naukri.py:177] - Major scraping error on page https://www.naukri.com/job-listings-oic-developer-jade-global-software-pvt-ltd-kolkata-hyderabad-pune-3-to-5-years-140525917803: InvalidSelectorException
2025-06-13 13:59:40,539 - ERROR    - [phase2_detail_scraper_naukri.py:236] -   Scraping failed. Issues: Selector_NotFound: details_job_title, Selector_NotFound: details_company_name, Selector_NotFound: details_experience_required, Selector_NotFound: details_salary, Selector_NotFound: details_locations, Selector_NotFound: details_apply_button, CRITICAL_InvalidSelectorException
2025-06-13 13:59:40,539 - INFO     - [phase2_detail_scraper_naukri.py:221] - --- Processing Row 16/81 | Job: 'OIC Developer' ---
2025-06-13 13:59:44,557 - ERROR    - [phase2_detail_scraper_naukri.py:177] - Major scraping error on page https://www.naukri.com/job-listings-oic-developer-jade-global-software-pvt-ltd-pune-3-to-5-years-040625927672: InvalidSelectorException
2025-06-13 13:59:44,558 - ERROR    - [phase2_detail_scraper_naukri.py:236] -   Scraping failed. Issues: Selector_NotFound: details_job_title, Selector_NotFound: details_company_name, Selector_NotFound: details_experience_required, Selector_NotFound: details_salary, Selector_NotFound: details_locations, CRITICAL_InvalidSelectorException
2025-06-13 13:59:44,558 - INFO     - [phase2_detail_scraper_naukri.py:240] - Saving progress to Excel after 15 rows...
2025-06-13 13:59:44,645 - INFO     - [phase2_detail_scraper_naukri.py:221] - --- Processing Row 17/81 | Job: 'Dev Ops Developer \/ SRE' ---
2025-06-13 13:59:45,529 - INFO     - [phase2_detail_scraper_naukri.py:274] - Phase 2 run finished.
