2025-08-04 02:06:39,896 - INFO     - [main_workflow_naukri.py:444] - =================================================
2025-08-04 02:06:39,897 - INFO     - [main_workflow_naukri.py:445] - Logging initialized for Naukri. Log file: C:\AI Use and Deveopment\Naukri Job hunting v1\logs_naukri\log_naukri_20250804_020639_Data_Analyst_Pune.log
2025-08-04 02:06:39,898 - INFO     - [main_workflow_naukri.py:446] - Starting Job Automation Workflow (Naukri.com)
2025-08-04 02:06:39,898 - INFO     - [main_workflow_naukri.py:447] - Base Directory: C:\AI Use and Deveopment\Naukri Job hunting v1
2025-08-04 02:06:39,899 - INFO     - [main_workflow_naukri.py:448] - Using Excel File: C:\AI Use and Deveopment\Naukri Job hunting v1\naukri_jobs_master_list.xlsx
2025-08-04 02:06:39,900 - INFO     - [main_workflow_naukri.py:449] - Search Keywords: 'Data Analyst'
2025-08-04 02:06:39,900 - INFO     - [main_workflow_naukri.py:450] - Base Location: 'Pune'
2025-08-04 02:06:39,901 - INFO     - [main_workflow_naukri.py:451] - Workflow Phases: 1 to 1
2025-08-04 02:06:39,902 - INFO     - [main_workflow_naukri.py:452] - =================================================
2025-08-04 02:06:39,902 - INFO     - [main_workflow_naukri.py:460] - Checking accessibility of Excel file: C:\AI Use and Deveopment\Naukri Job hunting v1\naukri_jobs_master_list.xlsx
2025-08-04 02:06:39,903 - INFO     - [main_workflow_naukri.py:475] - Excel file 'naukri_jobs_master_list.xlsx' is accessible.
2025-08-04 02:06:39,903 - INFO     - [main_workflow_naukri.py:492] - ########## Starting Naukri Workflow ##########
2025-08-04 02:06:39,904 - INFO     - [main_workflow_naukri.py:496] - Naukri workflow configured to run from Phase 1 to Phase 1.
2025-08-04 02:06:39,905 - INFO     - [main_workflow_naukri.py:508] - --- Phase 1: Scrape Job List (Naukri) ---
2025-08-04 02:06:39,905 - INFO     - [phase1_list_scraper_naukri.py:555] - Initiating Phase 1: Naukri Job List Scraping
2025-08-04 02:06:39,906 - INFO     - [phase1_list_scraper_naukri.py:69] - Attempting to connect to existing Chrome on port 9222 using ChromeDriver: C:\AI Use and Deveopment\chromedriver-win64\chromedriver.exe
2025-08-04 02:06:40,825 - INFO     - [phase1_list_scraper_naukri.py:82] - Successfully connected to Chrome debugger.
2025-08-04 02:06:41,352 - INFO     - [phase1_list_scraper_naukri.py:86] - Initial page in connected browser: https://www.naukri.com/data-analyst-jobs-in-pune?jobAge=3&experience=2
2025-08-04 02:06:41,353 - INFO     - [phase1_list_scraper_naukri.py:160] -   Building URL with Keywords: 'Data Analyst' and Location: 'Pune'
2025-08-04 02:06:41,372 - INFO     - [phase1_list_scraper_naukri.py:201] -   Applying Filter 'Job Freshness: Posting Date, Job Age (e.g., Past 7 days)': Past 3 days (jobAge=3)
2025-08-04 02:06:41,372 - INFO     - [phase1_list_scraper_naukri.py:201] -   Applying Filter 'Experience Level: Years of Work Experience': 2 (experience=2)
2025-08-04 02:06:41,374 - INFO     - [phase1_list_scraper_naukri.py:211] - Constructed Naukri Search URL (Page 1): https://www.naukri.com/data-analyst-jobs-in-pune?jobAge=3&experience=2
2025-08-04 02:06:41,375 - INFO     - [phase1_list_scraper_naukri.py:361] - Navigating to initial search URL (Page 1): https://www.naukri.com/data-analyst-jobs-in-pune?jobAge=3&experience=2
2025-08-04 02:06:47,692 - INFO     - [phase1_list_scraper_naukri.py:372] - --- Processing Page 1 ---
2025-08-04 02:06:53,981 - INFO     - [phase1_list_scraper_naukri.py:395] - Found 20 job card elements on page 1.
2025-08-04 02:07:10,375 - INFO     - [phase1_list_scraper_naukri.py:430] - Extracted 20 new unique jobs from page 1.
2025-08-04 02:07:10,376 - INFO     - [phase1_list_scraper_naukri.py:438] - Minimum unique jobs target (10) met. Stopping pagination.
2025-08-04 02:07:10,377 - INFO     - [phase1_list_scraper_naukri.py:453] - Finished scraping Naukri. Found 20 new unique jobs in this session.
2025-08-04 02:07:10,378 - INFO     - [phase1_list_scraper_naukri.py:464] - Processing 20 scraped Naukri jobs for Excel: C:\AI Use and Deveopment\Naukri Job hunting v1\naukri_jobs_master_list.xlsx
2025-08-04 02:07:10,887 - INFO     - [phase1_list_scraper_naukri.py:515] - Deduplication: 20 new unique Naukri jobs to add, 0 duplicates skipped.
2025-08-04 02:07:10,897 - INFO     - [phase1_list_scraper_naukri.py:528] - Saving Naukri DataFrame (265 rows) to Excel...
2025-08-04 02:07:11,521 - INFO     - [phase1_list_scraper_naukri.py:539] - Successfully saved Naukri Excel file: C:\AI Use and Deveopment\Naukri Job hunting v1\naukri_jobs_master_list.xlsx
2025-08-04 02:07:11,521 - INFO     - [phase1_list_scraper_naukri.py:593] - Phase 1 (Naukri) Summary: Added 20 unique jobs to Excel. Skipped 0 duplicates.
2025-08-04 02:07:11,522 - INFO     - [phase1_list_scraper_naukri.py:594] - Phase 1 (Naukri) completed.
2025-08-04 02:07:11,522 - INFO     - [main_workflow_naukri.py:513] - --- Phase 1 (Naukri) Completed (Added: 20, Skipped Duplicates: 0) ---
2025-08-04 02:07:11,522 - INFO     - [main_workflow_naukri.py:516] - Phase 1 (Naukri) duration: 31.62s.
2025-08-04 02:07:11,522 - INFO     - [main_workflow_naukri.py:584] - #################################################
2025-08-04 02:07:11,523 - INFO     - [main_workflow_naukri.py:585] - Naukri Workflow Completed (Phases 1-1).
2025-08-04 02:07:11,523 - INFO     - [main_workflow_naukri.py:587] - Review log file for detailed information.
2025-08-04 02:07:11,523 - INFO     - [main_workflow_naukri.py:588] - #################################################
2025-08-04 02:07:11,523 - INFO     - [main_workflow_naukri.py:618] - Total Naukri Workflow Runtime: 31.63 seconds.
2025-08-04 02:07:11,523 - INFO     - [main_workflow_naukri.py:619] - Phase Durations (seconds): {'Phase 1': 31.617350101470947}
2025-08-04 02:07:11,524 - INFO     - [main_workflow_naukri.py:620] - Naukri script execution finished.
