2025-08-04 03:23:40,367 - INFO     - [main_workflow_naukri.py:444] - =================================================
2025-08-04 03:23:40,367 - INFO     - [main_workflow_naukri.py:445] - Logging initialized for Naukri. Log file: C:\AI Use and Deveopment\Naukri Job hunting v1\logs_naukri\log_naukri_20250804_032340_Data_Analyst_Pune.log
2025-08-04 03:23:40,368 - INFO     - [main_workflow_naukri.py:446] - Starting Job Automation Workflow (Naukri.com)
2025-08-04 03:23:40,368 - INFO     - [main_workflow_naukri.py:447] - Base Directory: C:\AI Use and Deveopment\Naukri Job hunting v1
2025-08-04 03:23:40,368 - INFO     - [main_workflow_naukri.py:448] - Using Excel File: C:\AI Use and Deveopment\Naukri Job hunting v1\naukri_jobs_master_list.xlsx
2025-08-04 03:23:40,369 - INFO     - [main_workflow_naukri.py:449] - Search Keywords: 'Data Analyst'
2025-08-04 03:23:40,369 - INFO     - [main_workflow_naukri.py:450] - Base Location: 'Pune'
2025-08-04 03:23:40,369 - INFO     - [main_workflow_naukri.py:451] - Workflow Phases: 1 to 1
2025-08-04 03:23:40,369 - INFO     - [main_workflow_naukri.py:452] - =================================================
2025-08-04 03:23:40,369 - INFO     - [main_workflow_naukri.py:460] - Checking accessibility of Excel file: C:\AI Use and Deveopment\Naukri Job hunting v1\naukri_jobs_master_list.xlsx
2025-08-04 03:23:40,370 - INFO     - [main_workflow_naukri.py:475] - Excel file 'naukri_jobs_master_list.xlsx' is accessible.
2025-08-04 03:23:40,370 - INFO     - [main_workflow_naukri.py:492] - ########## Starting Naukri Workflow ##########
2025-08-04 03:23:40,370 - INFO     - [main_workflow_naukri.py:496] - Naukri workflow configured to run from Phase 1 to Phase 1.
2025-08-04 03:23:40,371 - INFO     - [main_workflow_naukri.py:508] - --- Phase 1: Scrape Job List (Naukri) ---
2025-08-04 03:23:40,371 - INFO     - [phase1_list_scraper_naukri.py:562] - Initiating Phase 1: Naukri Job List Scraping
2025-08-04 03:23:40,371 - INFO     - [phase1_list_scraper_naukri.py:572] - Reading existing Excel file to build duplicate check list: C:\AI Use and Deveopment\Naukri Job hunting v1\naukri_jobs_master_list.xlsx
2025-08-04 03:23:40,596 - INFO     - [phase1_list_scraper_naukri.py:577] - Found 60 existing job URLs in the master file.
2025-08-04 03:23:40,597 - INFO     - [phase1_list_scraper_naukri.py:69] - Attempting to connect to existing Chrome on port 9222 using ChromeDriver: C:\AI Use and Deveopment\chromedriver-win64\chromedriver.exe
2025-08-04 03:23:41,492 - INFO     - [phase1_list_scraper_naukri.py:82] - Successfully connected to Chrome debugger.
2025-08-04 03:23:42,005 - INFO     - [phase1_list_scraper_naukri.py:86] - Initial page in connected browser: https://www.naukri.com/data-analyst-jobs-in-pune-3?jobAge=3&experience=2
2025-08-04 03:23:42,005 - INFO     - [phase1_list_scraper_naukri.py:160] -   Building URL with Keywords: 'Data Analyst' and Location: 'Pune'
2025-08-04 03:23:42,006 - INFO     - [phase1_list_scraper_naukri.py:201] -   Applying Filter 'Job Freshness: Posting Date, Job Age (e.g., Past 7 days)': Past 3 days (jobAge=3)
2025-08-04 03:23:42,006 - INFO     - [phase1_list_scraper_naukri.py:201] -   Applying Filter 'Experience Level: Years of Work Experience': 2 (experience=2)
2025-08-04 03:23:42,006 - INFO     - [phase1_list_scraper_naukri.py:211] - Constructed Naukri Search URL (Page 1): https://www.naukri.com/data-analyst-jobs-in-pune?jobAge=3&experience=2
2025-08-04 03:23:42,007 - INFO     - [phase1_list_scraper_naukri.py:363] - Navigating to initial search URL (Page 1): https://www.naukri.com/data-analyst-jobs-in-pune?jobAge=3&experience=2
2025-08-04 03:23:48,076 - INFO     - [phase1_list_scraper_naukri.py:385] - --- Processing Page 1 ---
2025-08-04 03:23:54,608 - INFO     - [phase1_list_scraper_naukri.py:402] - Found 20 job card elements on page 1.
2025-08-04 03:24:02,221 - INFO     - [phase1_list_scraper_naukri.py:434] - Extracted 0 new unique jobs from page 1.
2025-08-04 03:24:02,222 - INFO     - [phase1_list_scraper_naukri.py:381] - Navigating to Page 2: https://www.naukri.com/data-analyst-jobs-in-pune-2?jobAge=3&experience=2
2025-08-04 03:24:08,579 - INFO     - [phase1_list_scraper_naukri.py:385] - --- Processing Page 2 ---
2025-08-04 03:24:14,339 - INFO     - [phase1_list_scraper_naukri.py:402] - Found 20 job card elements on page 2.
2025-08-04 03:24:20,208 - INFO     - [phase1_list_scraper_naukri.py:434] - Extracted 0 new unique jobs from page 2.
2025-08-04 03:24:20,209 - INFO     - [phase1_list_scraper_naukri.py:381] - Navigating to Page 3: https://www.naukri.com/data-analyst-jobs-in-pune-3?jobAge=3&experience=2
2025-08-04 03:24:27,288 - INFO     - [phase1_list_scraper_naukri.py:385] - --- Processing Page 3 ---
2025-08-04 03:24:33,825 - INFO     - [phase1_list_scraper_naukri.py:402] - Found 20 job card elements on page 3.
2025-08-04 03:24:40,435 - INFO     - [phase1_list_scraper_naukri.py:434] - Extracted 9 new unique jobs from page 3.
2025-08-04 03:24:40,435 - INFO     - [phase1_list_scraper_naukri.py:381] - Navigating to Page 4: https://www.naukri.com/data-analyst-jobs-in-pune-4?jobAge=3&experience=2
2025-08-04 03:24:46,536 - INFO     - [phase1_list_scraper_naukri.py:385] - --- Processing Page 4 ---
2025-08-04 03:24:52,966 - INFO     - [phase1_list_scraper_naukri.py:402] - Found 20 job card elements on page 4.
2025-08-04 03:24:56,220 - INFO     - [phase1_list_scraper_naukri.py:434] - Extracted 12 new unique jobs from page 4.
2025-08-04 03:24:56,220 - INFO     - [phase1_list_scraper_naukri.py:370] - Minimum unique jobs target (10) met. Stopping pagination.
2025-08-04 03:24:56,220 - INFO     - [phase1_list_scraper_naukri.py:451] - Finished scraping Naukri. Found 21 new unique jobs in this session.
2025-08-04 03:24:56,220 - INFO     - [phase1_list_scraper_naukri.py:463] - Processing 21 scraped Naukri jobs for Excel: C:\AI Use and Deveopment\Naukri Job hunting v1\naukri_jobs_master_list.xlsx
2025-08-04 03:24:56,263 - INFO     - [phase1_list_scraper_naukri.py:529] - Deduplication: 21 new unique Naukri jobs to add, 0 duplicates skipped.
2025-08-04 03:24:56,301 - INFO     - [phase1_list_scraper_naukri.py:542] - Saving Naukri DataFrame (81 rows) to Excel...
2025-08-04 03:24:56,401 - INFO     - [phase1_list_scraper_naukri.py:547] - Successfully saved Naukri Excel file: C:\AI Use and Deveopment\Naukri Job hunting v1\naukri_jobs_master_list.xlsx
2025-08-04 03:24:56,402 - INFO     - [phase1_list_scraper_naukri.py:618] - Phase 1 (Naukri) Summary: Added 21 unique jobs to Excel. Skipped 59 duplicates during final check.
2025-08-04 03:24:56,403 - INFO     - [phase1_list_scraper_naukri.py:619] - Phase 1 (Naukri) completed.
2025-08-04 03:24:56,403 - INFO     - [main_workflow_naukri.py:513] - --- Phase 1 (Naukri) Completed (Added: 21, Skipped Duplicates: 59) ---
2025-08-04 03:24:56,404 - INFO     - [main_workflow_naukri.py:516] - Phase 1 (Naukri) duration: 76.03s.
2025-08-04 03:24:56,404 - INFO     - [main_workflow_naukri.py:584] - #################################################
2025-08-04 03:24:56,404 - INFO     - [main_workflow_naukri.py:585] - Naukri Workflow Completed (Phases 1-1).
2025-08-04 03:24:56,404 - INFO     - [main_workflow_naukri.py:587] - Review log file for detailed information.
2025-08-04 03:24:56,404 - INFO     - [main_workflow_naukri.py:588] - #################################################
2025-08-04 03:24:56,405 - INFO     - [main_workflow_naukri.py:618] - Total Naukri Workflow Runtime: 76.04 seconds.
2025-08-04 03:24:56,405 - INFO     - [main_workflow_naukri.py:619] - Phase Durations (seconds): {'Phase 1': 76.0329601764679}
2025-08-04 03:24:56,405 - INFO     - [main_workflow_naukri.py:620] - Naukri script execution finished.
