2025-08-03 21:43:33,306 - INFO     - [main_workflow_naukri.py:444] - =================================================
2025-08-03 21:43:33,308 - INFO     - [main_workflow_naukri.py:445] - Logging initialized for Naukri. Log file: C:\AI Use and Deveopment\Naukri Job hunting v1\logs_naukri\log_naukri_20250803_214333_Data_Analyst_Pune.log
2025-08-03 21:43:33,309 - INFO     - [main_workflow_naukri.py:446] - Starting Job Automation Workflow (Naukri.com)
2025-08-03 21:43:33,310 - INFO     - [main_workflow_naukri.py:447] - Base Directory: C:\AI Use and Deveopment\Naukri Job hunting v1
2025-08-03 21:43:33,312 - INFO     - [main_workflow_naukri.py:448] - Using Excel File: C:\AI Use and Deveopment\Naukri Job hunting v1\naukri_jobs_master_list.xlsx
2025-08-03 21:43:33,312 - INFO     - [main_workflow_naukri.py:449] - Search Keywords: 'Data Analyst'
2025-08-03 21:43:33,313 - INFO     - [main_workflow_naukri.py:450] - Base Location: 'Pune'
2025-08-03 21:43:33,314 - INFO     - [main_workflow_naukri.py:451] - Workflow Phases: 1 to 2
2025-08-03 21:43:33,314 - INFO     - [main_workflow_naukri.py:452] - =================================================
2025-08-03 21:43:33,315 - INFO     - [main_workflow_naukri.py:460] - Checking accessibility of Excel file: C:\AI Use and Deveopment\Naukri Job hunting v1\naukri_jobs_master_list.xlsx
2025-08-03 21:43:33,317 - ERROR    - [main_workflow_naukri.py:478] - PERMISSION ERROR: Cannot access Excel file: C:\AI Use and Deveopment\Naukri Job hunting v1\naukri_jobs_master_list.xlsx
2025-08-03 21:43:33,317 - ERROR    - [main_workflow_naukri.py:479] - The file might be open in Excel or another application.
2025-08-03 21:43:46,083 - INFO     - [main_workflow_naukri.py:482] - Retrying file access in 5 seconds...
2025-08-03 21:43:51,085 - INFO     - [main_workflow_naukri.py:475] - Excel file 'naukri_jobs_master_list.xlsx' is accessible.
2025-08-03 21:43:51,086 - INFO     - [main_workflow_naukri.py:492] - ########## Starting Naukri Workflow ##########
2025-08-03 21:43:51,086 - INFO     - [main_workflow_naukri.py:496] - Naukri workflow configured to run from Phase 1 to Phase 2.
2025-08-03 21:43:51,087 - INFO     - [main_workflow_naukri.py:508] - --- Phase 1: Scrape Job List (Naukri) ---
2025-08-03 21:43:51,087 - INFO     - [phase1_list_scraper_naukri.py:551] - Initiating Phase 1: Naukri Job List Scraping
2025-08-03 21:43:51,088 - INFO     - [phase1_list_scraper_naukri.py:69] - Attempting to connect to existing Chrome on port 9222 using ChromeDriver: C:\AI Use and Deveopment\chromedriver-win64\chromedriver.exe
2025-08-03 21:43:52,156 - INFO     - [phase1_list_scraper_naukri.py:82] - Successfully connected to Chrome debugger.
2025-08-03 21:43:52,746 - INFO     - [phase1_list_scraper_naukri.py:86] - Initial page in connected browser: https://www.naukri.com/job-listings-back-office-automation-engineer-acuity-knowledge-partners-pune-gurugram-bengaluru-2-to-5-years-010825012226
2025-08-03 21:43:52,747 - INFO     - [phase1_list_scraper_naukri.py:160] -   Building URL with Keywords: 'Data Analyst' and Location: 'Pune'
2025-08-03 21:43:52,748 - INFO     - [phase1_list_scraper_naukri.py:201] -   Applying Filter 'Job Freshness: Posting Date, Job Age (e.g., Past 7 days)': Past 3 days (jobAge=3)
2025-08-03 21:43:52,748 - INFO     - [phase1_list_scraper_naukri.py:201] -   Applying Filter 'Experience Level: Years of Work Experience': 2 (experience=2)
2025-08-03 21:43:52,749 - INFO     - [phase1_list_scraper_naukri.py:211] - Constructed Naukri Search URL (Page 1): https://www.naukri.com/data-analyst-jobs-in-pune?jobAge=3&experience=2
2025-08-03 21:43:52,750 - INFO     - [phase1_list_scraper_naukri.py:361] - Navigating to initial search URL (Page 1): https://www.naukri.com/data-analyst-jobs-in-pune?jobAge=3&experience=2
2025-08-03 21:44:00,732 - INFO     - [phase1_list_scraper_naukri.py:372] - --- Processing Page 1 ---
2025-08-03 21:44:06,467 - INFO     - [phase1_list_scraper_naukri.py:395] - Found 20 job card elements on page 1.
2025-08-03 21:44:18,998 - INFO     - [phase1_list_scraper_naukri.py:430] - Extracted 20 new unique jobs from page 1.
2025-08-03 21:44:18,999 - INFO     - [phase1_list_scraper_naukri.py:438] - Minimum unique jobs target (10) met. Stopping pagination.
2025-08-03 21:44:19,000 - INFO     - [phase1_list_scraper_naukri.py:453] - Finished scraping Naukri. Found 20 new unique jobs in this session.
2025-08-03 21:44:19,001 - INFO     - [phase1_list_scraper_naukri.py:464] - Processing 20 scraped Naukri jobs for Excel: C:\AI Use and Deveopment\Naukri Job hunting v1\naukri_jobs_master_list.xlsx
2025-08-03 21:44:19,438 - INFO     - [phase1_list_scraper_naukri.py:515] - Deduplication: 20 new unique Naukri jobs to add, 0 duplicates skipped.
2025-08-03 21:44:19,453 - INFO     - [phase1_list_scraper_naukri.py:527] - Saving Naukri DataFrame (85 rows) to Excel...
2025-08-03 21:44:19,670 - INFO     - [phase1_list_scraper_naukri.py:535] - Successfully saved Naukri Excel file: C:\AI Use and Deveopment\Naukri Job hunting v1\naukri_jobs_master_list.xlsx
2025-08-03 21:44:19,671 - INFO     - [phase1_list_scraper_naukri.py:589] - Phase 1 (Naukri) Summary: Added 20 unique jobs to Excel. Skipped 0 duplicates.
2025-08-03 21:44:19,672 - INFO     - [phase1_list_scraper_naukri.py:590] - Phase 1 (Naukri) completed.
2025-08-03 21:44:19,673 - INFO     - [main_workflow_naukri.py:513] - --- Phase 1 (Naukri) Completed (Added: 20, Skipped Duplicates: 0) ---
2025-08-03 21:44:19,673 - INFO     - [main_workflow_naukri.py:516] - Phase 1 (Naukri) duration: 28.59s.
2025-08-03 21:44:19,674 - INFO     - [main_workflow_naukri.py:522] - --- Phase 2: Scrape Job Details (Naukri) ---
2025-08-03 21:44:19,674 - INFO     - [phase2_detail_scraper_naukri.py:324] - Initiating Phase 2: Naukri Job Detail Scraping
2025-08-03 21:44:19,675 - INFO     - [phase1_list_scraper_naukri.py:69] - Attempting to connect to existing Chrome on port 9222 using ChromeDriver: C:\AI Use and Deveopment\chromedriver-win64\chromedriver.exe
2025-08-03 21:44:20,563 - INFO     - [phase1_list_scraper_naukri.py:82] - Successfully connected to Chrome debugger.
2025-08-03 21:44:21,082 - INFO     - [phase1_list_scraper_naukri.py:86] - Initial page in connected browser: https://www.naukri.com/data-analyst-jobs-in-pune?jobAge=3&experience=2
2025-08-03 21:44:21,083 - INFO     - [phase2_detail_scraper_naukri.py:251] - Starting detailed scraping. Overwrite Phase 1 data: False
2025-08-03 21:44:21,261 - INFO     - [phase2_detail_scraper_naukri.py:267] - Found 20 rows to process with status in ['New', 'Error - Scrape Job Details'].
2025-08-03 21:44:21,262 - INFO     - [phase2_detail_scraper_naukri.py:278] - --- Processing Row 67/86 | Job: 'Data Analyst - B' ---
2025-08-03 21:44:26,298 - INFO     - [phase2_detail_scraper_naukri.py:289] -   Successfully processed. Status -> Ready for AI
2025-08-03 21:44:26,298 - INFO     - [phase2_detail_scraper_naukri.py:278] - --- Processing Row 68/86 | Job: 'Exciting Data Analysts' ---
2025-08-03 21:44:30,713 - INFO     - [phase2_detail_scraper_naukri.py:289] -   Successfully processed. Status -> Ready for AI
2025-08-03 21:44:30,714 - INFO     - [phase2_detail_scraper_naukri.py:278] - --- Processing Row 69/86 | Job: 'Data Analyst' ---
2025-08-03 21:44:35,296 - INFO     - [phase2_detail_scraper_naukri.py:289] -   Successfully processed. Status -> Ready for AI
2025-08-03 21:44:35,297 - INFO     - [phase2_detail_scraper_naukri.py:278] - --- Processing Row 70/86 | Job: 'Associate data analyst' ---
2025-08-03 21:44:40,741 - INFO     - [phase2_detail_scraper_naukri.py:289] -   Successfully processed. Status -> Ready for AI
2025-08-03 21:44:40,742 - INFO     - [phase2_detail_scraper_naukri.py:278] - --- Processing Row 71/86 | Job: 'Web Data Collection Analyst' ---
2025-08-03 21:44:44,082 - INFO     - [phase2_detail_scraper_naukri.py:289] -   Successfully processed. Status -> Ready for AI
2025-08-03 21:44:44,083 - INFO     - [phase2_detail_scraper_naukri.py:297] - Saving progress to Excel after 5 rows...
2025-08-03 21:44:44,299 - INFO     - [phase2_detail_scraper_naukri.py:278] - --- Processing Row 72/86 | Job: 'Web Data Collection Analyst - Contract' ---
2025-08-03 21:44:48,930 - INFO     - [phase2_detail_scraper_naukri.py:289] -   Successfully processed. Status -> Ready for AI
2025-08-03 21:44:48,931 - INFO     - [phase2_detail_scraper_naukri.py:278] - --- Processing Row 73/86 | Job: 'Reporting Developer - Watlow' ---
2025-08-03 21:44:52,668 - INFO     - [phase2_detail_scraper_naukri.py:289] -   Successfully processed. Status -> Ready for AI
2025-08-03 21:44:52,669 - INFO     - [phase2_detail_scraper_naukri.py:278] - --- Processing Row 74/86 | Job: 'Sr Reporting Developer - Watlow' ---
2025-08-03 21:44:57,901 - INFO     - [phase2_detail_scraper_naukri.py:289] -   Successfully processed. Status -> Ready for AI
2025-08-03 21:44:57,902 - INFO     - [phase2_detail_scraper_naukri.py:278] - --- Processing Row 75/86 | Job: 'Data Quality Profiling Developer (Oracle APEX)' ---
2025-08-03 21:45:02,160 - INFO     - [phase2_detail_scraper_naukri.py:289] -   Successfully processed. Status -> Ready for AI
2025-08-03 21:45:02,161 - INFO     - [phase2_detail_scraper_naukri.py:278] - --- Processing Row 76/86 | Job: 'Senior Test Engineer - Investment Data Platform' ---
2025-08-03 21:45:05,968 - INFO     - [phase2_detail_scraper_naukri.py:289] -   Successfully processed. Status -> Ready for AI
2025-08-03 21:45:05,968 - INFO     - [phase2_detail_scraper_naukri.py:297] - Saving progress to Excel after 10 rows...
2025-08-03 21:45:06,190 - INFO     - [phase2_detail_scraper_naukri.py:278] - --- Processing Row 77/86 | Job: 'Project Leader - Product Certification(BD & Execution)' ---
2025-08-03 21:45:10,177 - INFO     - [phase2_detail_scraper_naukri.py:289] -   Successfully processed. Status -> Ready for AI
2025-08-03 21:45:10,178 - INFO     - [phase2_detail_scraper_naukri.py:278] - --- Processing Row 78/86 | Job: 'Business Analyst' ---
2025-08-03 21:45:14,080 - INFO     - [phase2_detail_scraper_naukri.py:289] -   Successfully processed. Status -> Ready for AI
2025-08-03 21:45:14,081 - INFO     - [phase2_detail_scraper_naukri.py:278] - --- Processing Row 79/86 | Job: 'Senior Tax Analyst' ---
2025-08-03 21:45:18,188 - INFO     - [phase2_detail_scraper_naukri.py:289] -   Successfully processed. Status -> Ready for AI
2025-08-03 21:45:18,189 - INFO     - [phase2_detail_scraper_naukri.py:278] - --- Processing Row 80/86 | Job: 'Research Scientist, Polymer Formulations' ---
2025-08-03 21:45:22,013 - INFO     - [phase2_detail_scraper_naukri.py:289] -   Successfully processed. Status -> Ready for AI
2025-08-03 21:45:22,014 - INFO     - [phase2_detail_scraper_naukri.py:278] - --- Processing Row 81/86 | Job: 'Anaplan Demand Analyst' ---
2025-08-03 21:45:26,170 - INFO     - [phase2_detail_scraper_naukri.py:289] -   Successfully processed. Status -> Ready for AI
2025-08-03 21:45:26,171 - INFO     - [phase2_detail_scraper_naukri.py:297] - Saving progress to Excel after 15 rows...
2025-08-03 21:45:26,371 - INFO     - [phase2_detail_scraper_naukri.py:278] - --- Processing Row 82/86 | Job: 'Associate Manager' ---
2025-08-03 21:45:31,316 - INFO     - [phase2_detail_scraper_naukri.py:289] -   Successfully processed. Status -> Ready for AI
2025-08-03 21:45:31,317 - INFO     - [phase2_detail_scraper_naukri.py:278] - --- Processing Row 83/86 | Job: 'Financial Markets Level 1 Service Desk Support Analyst' ---
2025-08-03 21:45:34,744 - INFO     - [phase2_detail_scraper_naukri.py:289] -   Successfully processed. Status -> Ready for AI
2025-08-03 21:45:34,744 - INFO     - [phase2_detail_scraper_naukri.py:278] - --- Processing Row 84/86 | Job: 'SQL Developer' ---
2025-08-03 21:45:38,895 - INFO     - [phase2_detail_scraper_naukri.py:289] -   Successfully processed. Status -> Ready for AI
2025-08-03 21:45:38,895 - INFO     - [phase2_detail_scraper_naukri.py:278] - --- Processing Row 85/86 | Job: 'Data Engineer' ---
2025-08-03 21:45:43,574 - INFO     - [phase2_detail_scraper_naukri.py:289] -   Successfully processed. Status -> Ready for AI
2025-08-03 21:45:43,575 - INFO     - [phase2_detail_scraper_naukri.py:278] - --- Processing Row 86/86 | Job: 'Power Bi Analyst (Jr. & Sr.) Pune' ---
2025-08-03 21:45:47,393 - INFO     - [phase2_detail_scraper_naukri.py:289] -   Successfully processed. Status -> Ready for AI
2025-08-03 21:45:47,394 - INFO     - [phase2_detail_scraper_naukri.py:297] - Saving progress to Excel after 20 rows...
2025-08-03 21:45:47,597 - INFO     - [phase2_detail_scraper_naukri.py:305] - Finished processing all designated rows. Performing final save...
2025-08-03 21:45:47,813 - INFO     - [phase2_detail_scraper_naukri.py:341] - Phase 2 run finished.
2025-08-03 21:45:47,814 - INFO     - [main_workflow_naukri.py:526] - --- Phase 2 (Naukri) Completed ---
2025-08-03 21:45:47,814 - INFO     - [main_workflow_naukri.py:529] - Phase 2 (Naukri) duration: 88.14s.
2025-08-03 21:45:47,815 - INFO     - [main_workflow_naukri.py:584] - #################################################
2025-08-03 21:45:47,815 - INFO     - [main_workflow_naukri.py:585] - Naukri Workflow Completed (Phases 1-2).
2025-08-03 21:45:47,816 - INFO     - [main_workflow_naukri.py:587] - Review log file for detailed information.
2025-08-03 21:45:47,817 - INFO     - [main_workflow_naukri.py:588] - #################################################
2025-08-03 21:45:47,817 - INFO     - [main_workflow_naukri.py:618] - Total Naukri Workflow Runtime: 134.51 seconds.
2025-08-03 21:45:47,818 - INFO     - [main_workflow_naukri.py:619] - Phase Durations (seconds): {'Phase 1': 28.58625102043152, 'Phase 2': 88.14055466651917}
2025-08-03 21:45:47,819 - INFO     - [main_workflow_naukri.py:620] - Naukri script execution finished.
