2025-08-01 14:17:27,537 - INFO     - [main_workflow_naukri.py:437] - =================================================
2025-08-01 14:17:27,537 - INFO     - [main_workflow_naukri.py:438] - Logging initialized for Naukri. Log file: C:\AI Use and Deveopment\Naukri Job hunting\logs_naukri\log_naukri_20250801_141727_SQL_Support_Pune.log
2025-08-01 14:17:27,538 - INFO     - [main_workflow_naukri.py:439] - Starting Job Automation Workflow (Naukri.com)
2025-08-01 14:17:27,538 - INFO     - [main_workflow_naukri.py:440] - Base Directory: C:\AI Use and Deveopment\Naukri Job hunting
2025-08-01 14:17:27,539 - INFO     - [main_workflow_naukri.py:441] - Using Excel File: C:\AI Use and Deveopment\Naukri Job hunting\naukri_jobs_master_list.xlsx
2025-08-01 14:17:27,539 - INFO     - [main_workflow_naukri.py:442] - Search Keywords: 'SQL Support, SQL Developer'
2025-08-01 14:17:27,540 - INFO     - [main_workflow_naukri.py:443] - Base Location: 'Pune'
2025-08-01 14:17:27,540 - INFO     - [main_workflow_naukri.py:444] - Workflow Phases: 2 to 2
2025-08-01 14:17:27,541 - INFO     - [main_workflow_naukri.py:445] - =================================================
2025-08-01 14:17:27,541 - INFO     - [main_workflow_naukri.py:453] - Checking accessibility of Excel file: C:\AI Use and Deveopment\Naukri Job hunting\naukri_jobs_master_list.xlsx
2025-08-01 14:17:27,542 - INFO     - [main_workflow_naukri.py:468] - Excel file 'naukri_jobs_master_list.xlsx' is accessible.
2025-08-01 14:17:27,543 - INFO     - [main_workflow_naukri.py:485] - ########## Starting Naukri Workflow ##########
2025-08-01 14:17:27,543 - INFO     - [main_workflow_naukri.py:489] - Naukri workflow configured to run from Phase 2 to Phase 2.
2025-08-01 14:17:27,544 - INFO     - [main_workflow_naukri.py:510] - --- Skipping Phase 1 (Naukri) (Config) ---
2025-08-01 14:17:27,545 - INFO     - [main_workflow_naukri.py:515] - --- Phase 2: Scrape Job Details (Naukri) ---
2025-08-01 14:17:27,545 - INFO     - [phase2_detail_scraper_naukri.py:260] - Initiating Phase 2: Naukri Job Detail Scraping
2025-08-01 14:17:27,546 - INFO     - [phase1_list_scraper_naukri.py:59] - Attempting to connect to existing Chrome on port 9222 using ChromeDriver: C:\AI Use and Deveopment\chromedriver-win64\chromedriver.exe
2025-08-01 14:18:30,339 - ERROR    - [phase1_list_scraper_naukri.py:84] - WebDriverException connecting (Attempt 1/3): Message: session not created: cannot connect to chrome at localhost:9222
from chrome not reachable
Stacktrace:
	GetHandleVerifier [0x0x7ff6c62bfea5+79173]
	GetHandleVerifier [0x0x7ff6c62bff00+79264]
	(No symbol) [0x0x7ff6c6079c8c]
	(No symbol) [0x0x7ff6c606aaa1]
	(No symbol) [0x0x7ff6c60bd062]
	(No symbol) [0x0x7ff6c60b222e]
	(No symbol) [0x0x7ff6c61067de]
	(No symbol) [0x0x7ff6c6105f70]
	(No symbol) [0x0x7ff6c60f8743]
	(No symbol) [0x0x7ff6c60c14c1]
	(No symbol) [0x0x7ff6c60c2253]
	GetHandleVerifier [0x0x7ff6c658a2dd+3004797]
	GetHandleVerifier [0x0x7ff6c658472d+2981325]
	GetHandleVerifier [0x0x7ff6c65a3380+3107360]
	GetHandleVerifier [0x0x7ff6c62daa2e+188622]
	GetHandleVerifier [0x0x7ff6c62e22bf+219487]
	GetHandleVerifier [0x0x7ff6c62c8df4+115860]
	GetHandleVerifier [0x0x7ff6c62c8fa9+116297]
	GetHandleVerifier [0x0x7ff6c62af558+11256]
	BaseThreadInitThunk [0x0x7ffa946ce8d7+23]
	RtlUserThreadStart [0x0x7ffa956bc34c+44]

2025-08-01 14:18:30,343 - INFO     - [phase1_list_scraper_naukri.py:88] - Retrying connection in 10 seconds...
2025-08-01 14:19:42,961 - ERROR    - [phase1_list_scraper_naukri.py:84] - WebDriverException connecting (Attempt 2/3): Message: session not created: cannot connect to chrome at localhost:9222
from chrome not reachable
Stacktrace:
	GetHandleVerifier [0x0x7ff6c62bfea5+79173]
	GetHandleVerifier [0x0x7ff6c62bff00+79264]
	(No symbol) [0x0x7ff6c6079c8c]
	(No symbol) [0x0x7ff6c606aaa1]
	(No symbol) [0x0x7ff6c60bd062]
	(No symbol) [0x0x7ff6c60b222e]
	(No symbol) [0x0x7ff6c61067de]
	(No symbol) [0x0x7ff6c6105f70]
	(No symbol) [0x0x7ff6c60f8743]
	(No symbol) [0x0x7ff6c60c14c1]
	(No symbol) [0x0x7ff6c60c2253]
	GetHandleVerifier [0x0x7ff6c658a2dd+3004797]
	GetHandleVerifier [0x0x7ff6c658472d+2981325]
	GetHandleVerifier [0x0x7ff6c65a3380+3107360]
	GetHandleVerifier [0x0x7ff6c62daa2e+188622]
	GetHandleVerifier [0x0x7ff6c62e22bf+219487]
	GetHandleVerifier [0x0x7ff6c62c8df4+115860]
	GetHandleVerifier [0x0x7ff6c62c8fa9+116297]
	GetHandleVerifier [0x0x7ff6c62af558+11256]
	BaseThreadInitThunk [0x0x7ffa946ce8d7+23]
	RtlUserThreadStart [0x0x7ffa956bc34c+44]

2025-08-01 14:19:42,962 - INFO     - [phase1_list_scraper_naukri.py:88] - Retrying connection in 20 seconds...
2025-08-01 14:21:05,688 - ERROR    - [phase1_list_scraper_naukri.py:84] - WebDriverException connecting (Attempt 3/3): Message: session not created: cannot connect to chrome at localhost:9222
from chrome not reachable
Stacktrace:
	GetHandleVerifier [0x0x7ff6c62bfea5+79173]
	GetHandleVerifier [0x0x7ff6c62bff00+79264]
	(No symbol) [0x0x7ff6c6079c8c]
	(No symbol) [0x0x7ff6c606aaa1]
	(No symbol) [0x0x7ff6c60bd062]
	(No symbol) [0x0x7ff6c60b222e]
	(No symbol) [0x0x7ff6c61067de]
	(No symbol) [0x0x7ff6c6105f70]
	(No symbol) [0x0x7ff6c60f8743]
	(No symbol) [0x0x7ff6c60c14c1]
	(No symbol) [0x0x7ff6c60c2253]
	GetHandleVerifier [0x0x7ff6c658a2dd+3004797]
	GetHandleVerifier [0x0x7ff6c658472d+2981325]
	GetHandleVerifier [0x0x7ff6c65a3380+3107360]
	GetHandleVerifier [0x0x7ff6c62daa2e+188622]
	GetHandleVerifier [0x0x7ff6c62e22bf+219487]
	GetHandleVerifier [0x0x7ff6c62c8df4+115860]
	GetHandleVerifier [0x0x7ff6c62c8fa9+116297]
	GetHandleVerifier [0x0x7ff6c62af558+11256]
	BaseThreadInitThunk [0x0x7ffa946ce8d7+23]
	RtlUserThreadStart [0x0x7ffa956bc34c+44]

2025-08-01 14:21:05,689 - ERROR    - [phase1_list_scraper_naukri.py:86] - Max retries reached. Ensure Chrome started with debugging on correct port & other instances closed.
2025-08-01 14:21:05,690 - CRITICAL - [phase2_detail_scraper_naukri.py:265] - Failed to setup Selenium driver for Phase 2.
2025-08-01 14:21:05,690 - INFO     - [phase2_detail_scraper_naukri.py:277] - Phase 2 run finished.
2025-08-01 14:21:05,691 - WARNING  - [main_workflow_naukri.py:518] - Phase 2 (Naukri) encountered critical errors.
2025-08-01 14:21:05,691 - INFO     - [main_workflow_naukri.py:522] - Phase 2 (Naukri) duration: 218.15s.
2025-08-01 14:21:05,692 - INFO     - [main_workflow_naukri.py:577] - #################################################
2025-08-01 14:21:05,692 - INFO     - [main_workflow_naukri.py:578] - Naukri Workflow Completed (Phases 2-2).
2025-08-01 14:21:05,693 - INFO     - [main_workflow_naukri.py:580] - Review log file for detailed information.
2025-08-01 14:21:05,694 - INFO     - [main_workflow_naukri.py:581] - #################################################
2025-08-01 14:21:05,694 - INFO     - [main_workflow_naukri.py:611] - Total Naukri Workflow Runtime: 218.16 seconds.
2025-08-01 14:21:05,695 - INFO     - [main_workflow_naukri.py:612] - Phase Durations (seconds): {'Phase 2': 218.1465699672699}
2025-08-01 14:21:05,696 - INFO     - [main_workflow_naukri.py:613] - Naukri script execution finished.
