2025-08-01 14:29:13,355 - INFO     - [main_workflow_naukri.py:437] - =================================================
2025-08-01 14:29:13,356 - INFO     - [main_workflow_naukri.py:438] - Logging initialized for Naukri. Log file: C:\AI Use and Deveopment\Naukri Job hunting\logs_naukri\log_naukri_20250801_142913_SQL_Support_Pune.log
2025-08-01 14:29:13,357 - INFO     - [main_workflow_naukri.py:439] - Starting Job Automation Workflow (Naukri.com)
2025-08-01 14:29:13,357 - INFO     - [main_workflow_naukri.py:440] - Base Directory: C:\AI Use and Deveopment\Naukri Job hunting
2025-08-01 14:29:13,358 - INFO     - [main_workflow_naukri.py:441] - Using Excel File: C:\AI Use and Deveopment\Naukri Job hunting\naukri_jobs_master_list.xlsx
2025-08-01 14:29:13,358 - INFO     - [main_workflow_naukri.py:442] - Search Keywords: 'SQL Support, SQL Developer'
2025-08-01 14:29:13,359 - INFO     - [main_workflow_naukri.py:443] - Base Location: 'Pune'
2025-08-01 14:29:13,359 - INFO     - [main_workflow_naukri.py:444] - Workflow Phases: 2 to 2
2025-08-01 14:29:13,359 - INFO     - [main_workflow_naukri.py:445] - =================================================
2025-08-01 14:29:13,360 - INFO     - [main_workflow_naukri.py:453] - Checking accessibility of Excel file: C:\AI Use and Deveopment\Naukri Job hunting\naukri_jobs_master_list.xlsx
2025-08-01 14:29:13,361 - INFO     - [main_workflow_naukri.py:468] - Excel file 'naukri_jobs_master_list.xlsx' is accessible.
2025-08-01 14:29:13,361 - INFO     - [main_workflow_naukri.py:485] - ########## Starting Naukri Workflow ##########
2025-08-01 14:29:13,361 - INFO     - [main_workflow_naukri.py:489] - Naukri workflow configured to run from Phase 2 to Phase 2.
2025-08-01 14:29:13,362 - INFO     - [main_workflow_naukri.py:510] - --- Skipping Phase 1 (Naukri) (Config) ---
2025-08-01 14:29:13,362 - INFO     - [main_workflow_naukri.py:515] - --- Phase 2: Scrape Job Details (Naukri) ---
2025-08-01 14:29:13,363 - INFO     - [phase2_detail_scraper_naukri.py:260] - Initiating Phase 2: Naukri Job Detail Scraping
2025-08-01 14:29:13,363 - INFO     - [phase1_list_scraper_naukri.py:59] - Attempting to connect to existing Chrome on port 9222 using ChromeDriver: C:\AI Use and Deveopment\chromedriver-win64\chromedriver.exe
2025-08-01 14:29:14,274 - INFO     - [phase1_list_scraper_naukri.py:72] - Successfully connected to Chrome debugger.
2025-08-01 14:29:14,795 - INFO     - [phase1_list_scraper_naukri.py:76] - Initial page in connected browser: https://www.naukri.com/mnjuser/homepage
2025-08-01 14:29:14,796 - INFO     - [phase2_detail_scraper_naukri.py:197] - Starting detailed scraping. Overwrite Phase 1 data: False
2025-08-01 14:29:15,240 - INFO     - [phase2_detail_scraper_naukri.py:213] - Found 55 rows to process with status in ['New', 'Error - Scrape Job Details'].
2025-08-01 14:29:15,241 - INFO     - [phase2_detail_scraper_naukri.py:224] - --- Processing Row 27/81 | Job: 'Research Analyst' ---
2025-08-01 14:29:21,146 - INFO     - [phase2_detail_scraper_naukri.py:235] -   Successfully processed. Status -> Ready for AI
2025-08-01 14:29:21,147 - INFO     - [phase2_detail_scraper_naukri.py:224] - --- Processing Row 28/81 | Job: 'Alternative Research Analyst' ---
2025-08-01 14:29:41,557 - ERROR    - [phase2_detail_scraper_naukri.py:179] - Major scraping error on page https://www.naukri.com/job-listings-alternative-research-analyst-iss-corporate-solutions-mumbai-2-to-3-years-150525502023: TimeoutException
2025-08-01 14:29:41,559 - ERROR    - [phase2_detail_scraper_naukri.py:239] -   Scraping failed. Issues: CRITICAL_TimeoutException
2025-08-01 14:29:41,560 - INFO     - [phase2_detail_scraper_naukri.py:224] - --- Processing Row 29/81 | Job: 'Research Analyst' ---
2025-08-01 14:29:45,208 - INFO     - [phase2_detail_scraper_naukri.py:235] -   Successfully processed. Status -> Ready for AI
2025-08-01 14:29:45,209 - INFO     - [phase2_detail_scraper_naukri.py:224] - --- Processing Row 30/81 | Job: 'Research Analyst' ---
2025-08-01 14:29:49,181 - INFO     - [phase2_detail_scraper_naukri.py:235] -   Successfully processed. Status -> Ready for AI
2025-08-01 14:29:49,181 - INFO     - [phase2_detail_scraper_naukri.py:224] - --- Processing Row 31/81 | Job: 'Sovereign Research Analyst' ---
2025-08-01 14:30:10,248 - ERROR    - [phase2_detail_scraper_naukri.py:179] - Major scraping error on page https://www.naukri.com/job-listings-sovereign-research-analyst-iss-corporate-solutions-mumbai-2-to-3-years-120525501750: TimeoutException
2025-08-01 14:30:10,250 - ERROR    - [phase2_detail_scraper_naukri.py:239] -   Scraping failed. Issues: CRITICAL_TimeoutException
2025-08-01 14:30:10,251 - INFO     - [phase2_detail_scraper_naukri.py:243] - Saving progress to Excel after 5 rows...
2025-08-01 14:30:10,437 - INFO     - [phase2_detail_scraper_naukri.py:224] - --- Processing Row 32/81 | Job: 'Research Analyst' ---
2025-08-01 14:30:31,035 - ERROR    - [phase2_detail_scraper_naukri.py:179] - Major scraping error on page https://www.naukri.com/job-listings-research-analyst-viral-fission-mumbai-1-to-4-years-011122500926: TimeoutException
2025-08-01 14:30:31,037 - ERROR    - [phase2_detail_scraper_naukri.py:239] -   Scraping failed. Issues: CRITICAL_TimeoutException
2025-08-01 14:30:31,037 - INFO     - [phase2_detail_scraper_naukri.py:224] - --- Processing Row 33/81 | Job: 'Research Analyst' ---
2025-08-01 14:30:51,590 - ERROR    - [phase2_detail_scraper_naukri.py:179] - Major scraping error on page https://www.naukri.com/job-listings-research-analyst-super-scholar-mumbai-3-to-10-years-110625500863: TimeoutException
2025-08-01 14:30:51,592 - ERROR    - [phase2_detail_scraper_naukri.py:239] -   Scraping failed. Issues: CRITICAL_TimeoutException
2025-08-01 14:30:51,593 - INFO     - [phase2_detail_scraper_naukri.py:224] - --- Processing Row 34/81 | Job: 'Research Analyst' ---
2025-08-01 14:30:55,702 - INFO     - [phase2_detail_scraper_naukri.py:235] -   Successfully processed. Status -> Ready for AI
2025-08-01 14:30:55,703 - INFO     - [phase2_detail_scraper_naukri.py:224] - --- Processing Row 35/81 | Job: 'Research Analyst' ---
2025-08-01 14:31:16,280 - ERROR    - [phase2_detail_scraper_naukri.py:179] - Major scraping error on page https://www.naukri.com/job-listings-research-analyst-datamatics-business-solutions-ltd-mumbai-3-to-8-years-120625500994: TimeoutException
2025-08-01 14:31:16,282 - ERROR    - [phase2_detail_scraper_naukri.py:239] -   Scraping failed. Issues: CRITICAL_TimeoutException
2025-08-01 14:31:16,282 - INFO     - [phase2_detail_scraper_naukri.py:224] - --- Processing Row 36/81 | Job: 'Research Analyst' ---
2025-08-01 14:31:20,258 - INFO     - [phase2_detail_scraper_naukri.py:235] -   Successfully processed. Status -> Ready for AI
2025-08-01 14:31:20,259 - INFO     - [phase2_detail_scraper_naukri.py:243] - Saving progress to Excel after 10 rows...
2025-08-01 14:31:20,390 - INFO     - [phase2_detail_scraper_naukri.py:224] - --- Processing Row 37/81 | Job: 'Data Analyst' ---
2025-08-01 14:31:41,368 - ERROR    - [phase2_detail_scraper_naukri.py:179] - Major scraping error on page https://www.naukri.com/job-listings-data-analyst-ornella-enterprises-mumbai-all-areas-0-to-2-years-130625010377: TimeoutException
2025-08-01 14:31:41,369 - ERROR    - [phase2_detail_scraper_naukri.py:239] -   Scraping failed. Issues: CRITICAL_TimeoutException
2025-08-01 14:31:41,370 - INFO     - [phase2_detail_scraper_naukri.py:224] - --- Processing Row 38/81 | Job: 'Data Analyst(English Required)' ---
2025-08-01 14:31:46,374 - INFO     - [phase2_detail_scraper_naukri.py:235] -   Successfully processed. Status -> Ready for AI
2025-08-01 14:31:46,375 - INFO     - [phase2_detail_scraper_naukri.py:224] - --- Processing Row 39/81 | Job: 'Analyst ACS' ---
2025-08-01 14:31:50,869 - INFO     - [phase2_detail_scraper_naukri.py:235] -   Successfully processed. Status -> Ready for AI
2025-08-01 14:31:50,870 - INFO     - [phase2_detail_scraper_naukri.py:224] - --- Processing Row 40/81 | Job: 'Data Analyst' ---
2025-08-01 14:32:11,402 - ERROR    - [phase2_detail_scraper_naukri.py:179] - Major scraping error on page https://www.naukri.com/job-listings-data-analyst-ashkom-mumbai-all-areas-1-to-5-years-280525923310: TimeoutException
2025-08-01 14:32:11,404 - ERROR    - [phase2_detail_scraper_naukri.py:239] -   Scraping failed. Issues: CRITICAL_TimeoutException
2025-08-01 14:32:11,405 - INFO     - [phase2_detail_scraper_naukri.py:224] - --- Processing Row 41/81 | Job: 'Hdfc Bank - Digital Banking - Data Scientist - Generative AI' ---
2025-08-01 14:32:32,272 - ERROR    - [phase2_detail_scraper_naukri.py:179] - Major scraping error on page https://www.naukri.com/job-listings-hdfc-bank-digital-banking-data-scientist-generative-ai-hdfc-bank-mumbai-all-areas-4-to-9-years-100625020226: TimeoutException
2025-08-01 14:32:32,274 - ERROR    - [phase2_detail_scraper_naukri.py:239] -   Scraping failed. Issues: CRITICAL_TimeoutException
2025-08-01 14:32:32,274 - INFO     - [phase2_detail_scraper_naukri.py:243] - Saving progress to Excel after 15 rows...
2025-08-01 14:32:32,435 - INFO     - [phase2_detail_scraper_naukri.py:224] - --- Processing Row 42/81 | Job: 'ETL Test Engineer' ---
2025-08-01 14:32:37,924 - INFO     - [phase2_detail_scraper_naukri.py:235] -   Successfully processed. Status -> Ready for AI
2025-08-01 14:32:37,925 - INFO     - [phase2_detail_scraper_naukri.py:224] - --- Processing Row 43/81 | Job: 'Data Engineer-Data Integration' ---
2025-08-01 14:32:58,718 - ERROR    - [phase2_detail_scraper_naukri.py:179] - Major scraping error on page https://www.naukri.com/job-listings-data-engineer-data-integration-ibm-india-pvt-limited-pune-2-to-5-years-120625932974: TimeoutException
2025-08-01 14:32:58,720 - ERROR    - [phase2_detail_scraper_naukri.py:239] -   Scraping failed. Issues: CRITICAL_TimeoutException
2025-08-01 14:32:58,721 - INFO     - [phase2_detail_scraper_naukri.py:224] - --- Processing Row 44/81 | Job: 'Data Engineer-Data Platforms' ---
2025-08-01 14:33:19,855 - ERROR    - [phase2_detail_scraper_naukri.py:179] - Major scraping error on page https://www.naukri.com/job-listings-data-engineer-data-platforms-ibm-india-pvt-limited-pune-2-to-5-years-120625932835: TimeoutException
2025-08-01 14:33:19,856 - ERROR    - [phase2_detail_scraper_naukri.py:239] -   Scraping failed. Issues: CRITICAL_TimeoutException
2025-08-01 14:33:19,857 - INFO     - [phase2_detail_scraper_naukri.py:224] - --- Processing Row 45/81 | Job: 'Senior Full Stack Engineer' ---
2025-08-01 14:33:40,434 - ERROR    - [phase2_detail_scraper_naukri.py:179] - Major scraping error on page https://www.naukri.com/job-listings-senior-full-stack-engineer-dynamic-yield-by-mastercard-pune-2-to-7-years-120625501938: TimeoutException
2025-08-01 14:33:40,436 - ERROR    - [phase2_detail_scraper_naukri.py:239] -   Scraping failed. Issues: CRITICAL_TimeoutException
2025-08-01 14:33:40,436 - INFO     - [phase2_detail_scraper_naukri.py:224] - --- Processing Row 46/81 | Job: 'Software Engineer (Microsoft 365 & Azure)' ---
2025-08-01 14:34:01,214 - ERROR    - [phase2_detail_scraper_naukri.py:179] - Major scraping error on page https://www.naukri.com/job-listings-software-engineer-microsoft-365-azure-luxoft-india-llp-pune-2-to-7-years-120625933968: TimeoutException
2025-08-01 14:34:01,216 - ERROR    - [phase2_detail_scraper_naukri.py:239] -   Scraping failed. Issues: CRITICAL_TimeoutException
2025-08-01 14:34:01,216 - INFO     - [phase2_detail_scraper_naukri.py:243] - Saving progress to Excel after 20 rows...
2025-08-01 14:34:01,225 - CRITICAL - [phase2_detail_scraper_naukri.py:254] - Critical error in Phase 2 processing: [Errno 13] Permission denied: 'C:\\AI Use and Deveopment\\Naukri Job hunting\\naukri_jobs_master_list.xlsx'
Traceback (most recent call last):
  File "c:\AI Use and Deveopment\Naukri Job hunting\phase2_detail_scraper_naukri.py", line 244, in process_excel_for_details
    df.fillna('').to_excel(excel_filepath, index=False, engine='openpyxl')
    ~~~~~~~~~~~~~~~~~~~~~~^^^^^^^^^^^^^^^^^^^^^^^^^^^^^^^^^^^^^^^^^^^^^^^^
  File "C:\Python313\Lib\site-packages\pandas\util\_decorators.py", line 333, in wrapper
    return func(*args, **kwargs)
  File "C:\Python313\Lib\site-packages\pandas\core\generic.py", line 2417, in to_excel
    formatter.write(
    ~~~~~~~~~~~~~~~^
        excel_writer,
        ^^^^^^^^^^^^^
    ...<6 lines>...
        engine_kwargs=engine_kwargs,
        ^^^^^^^^^^^^^^^^^^^^^^^^^^^^
    )
    ^
  File "C:\Python313\Lib\site-packages\pandas\io\formats\excel.py", line 943, in write
    writer = ExcelWriter(
        writer,
    ...<2 lines>...
        engine_kwargs=engine_kwargs,
    )
  File "C:\Python313\Lib\site-packages\pandas\io\excel\_openpyxl.py", line 61, in __init__
    super().__init__(
    ~~~~~~~~~~~~~~~~^
        path,
        ^^^^^
    ...<3 lines>...
        engine_kwargs=engine_kwargs,
        ^^^^^^^^^^^^^^^^^^^^^^^^^^^^
    )
    ^
  File "C:\Python313\Lib\site-packages\pandas\io\excel\_base.py", line 1246, in __init__
    self._handles = get_handle(
                    ~~~~~~~~~~^
        path, mode, storage_options=storage_options, is_text=False
        ^^^^^^^^^^^^^^^^^^^^^^^^^^^^^^^^^^^^^^^^^^^^^^^^^^^^^^^^^^
    )
    ^
  File "C:\Python313\Lib\site-packages\pandas\io\common.py", line 882, in get_handle
    handle = open(handle, ioargs.mode)
PermissionError: [Errno 13] Permission denied: 'C:\\AI Use and Deveopment\\Naukri Job hunting\\naukri_jobs_master_list.xlsx'
2025-08-01 14:34:01,242 - INFO     - [phase2_detail_scraper_naukri.py:277] - Phase 2 run finished.
2025-08-01 14:34:01,243 - WARNING  - [main_workflow_naukri.py:518] - Phase 2 (Naukri) encountered critical errors.
2025-08-01 14:34:01,243 - INFO     - [main_workflow_naukri.py:522] - Phase 2 (Naukri) duration: 287.88s.
2025-08-01 14:34:01,244 - INFO     - [main_workflow_naukri.py:577] - #################################################
2025-08-01 14:34:01,244 - INFO     - [main_workflow_naukri.py:578] - Naukri Workflow Completed (Phases 2-2).
2025-08-01 14:34:01,245 - INFO     - [main_workflow_naukri.py:580] - Review log file for detailed information.
2025-08-01 14:34:01,245 - INFO     - [main_workflow_naukri.py:581] - #################################################
2025-08-01 14:34:01,246 - INFO     - [main_workflow_naukri.py:611] - Total Naukri Workflow Runtime: 287.89 seconds.
2025-08-01 14:34:01,246 - INFO     - [main_workflow_naukri.py:612] - Phase Durations (seconds): {'Phase 2': 287.88085865974426}
2025-08-01 14:34:01,247 - INFO     - [main_workflow_naukri.py:613] - Naukri script execution finished.
